The target system is: PICO -  - cortex-m0plus
The host system is: Windows - 10.0.19044 - AMD64
Compiling the C compiler identification source file "CMakeCCompilerId.c" succeeded.
Compiler: C:/VSARM/armgcc/bin/arm-none-eabi-gcc.exe 
Build flags: ;-mcpu=cortex-m0plus;-mthumb
Id flags: -c 

The output was:
0


Compilation of the C compiler identification source "CMakeCCompilerId.c" produced "CMakeCCompilerId.o"

The C compiler identification is GNU, found in "C:/Users/psyke/Desktop/pico_eth_github/pico_eth/build/CMakeFiles/3.20.5/CompilerIdC/CMakeCCompilerId.o"

Compiling the CXX compiler identification source file "CMakeCXXCompilerId.cpp" succeeded.
Compiler: C:/VSARM/armgcc/bin/arm-none-eabi-g++.exe 
Build flags: ;-mcpu=cortex-m0plus;-mthumb
Id flags: -c 

The output was:
0


Compilation of the CXX compiler identification source "CMakeCXXCompilerId.cpp" produced "CMakeCXXCompilerId.o"

The CXX compiler identification is GNU, found in "C:/Users/psyke/Desktop/pico_eth_github/pico_eth/build/CMakeFiles/3.20.5/CompilerIdCXX/CMakeCXXCompilerId.o"

Checking whether the ASM compiler is GNU using "--version" matched "(GNU assembler)|(GCC)|(Free Software Foundation)":
arm-none-eabi-gcc.exe (GNU Arm Embedded Toolchain 10.3-2021.07) 10.3.1 20210621 (release)
Copyright (C) 2020 Free Software Foundation, Inc.
This is free software; see the source for copying conditions.  There is NO
warranty; not even for MERCHANTABILITY or FITNESS FOR A PARTICULAR PURPOSE.

